<?xml version="1.0" encoding="UTF-8"?>
<testsuite xmlns:xsi="http://www.w3.org/2001/XMLSchema-instance" xsi:schemaLocation="https://maven.apache.org/surefire/maven-surefire-plugin/xsd/surefire-test-report.xsd" name="com.global.test.GlobTest" time="0.433" tests="13" errors="0" skipped="4" failures="6">
  <properties>
    <property name="java.runtime.name" value="Java(TM) SE Runtime Environment"/>
    <property name="sun.boot.library.path" value="C:\Program Files\Java\jdk1.8.0_131\jre\bin"/>
    <property name="java.vm.version" value="25.131-b11"/>
    <property name="java.vm.vendor" value="Oracle Corporation"/>
    <property name="maven.multiModuleProjectDirectory" value="C:\Users\mingle\eclipse-workspace\GlobalInfo"/>
    <property name="java.vendor.url" value="http://java.oracle.com/"/>
    <property name="path.separator" value=";"/>
    <property name="guice.disable.misplaced.annotation.check" value="true"/>
    <property name="java.vm.name" value="Java HotSpot(TM) 64-Bit Server VM"/>
    <property name="file.encoding.pkg" value="sun.io"/>
    <property name="user.script" value=""/>
    <property name="user.country" value="US"/>
    <property name="sun.java.launcher" value="SUN_STANDARD"/>
    <property name="sun.os.patch.level" value=""/>
    <property name="java.vm.specification.name" value="Java Virtual Machine Specification"/>
    <property name="user.dir" value="C:\Users\mingle\eclipse-workspace\GlobalInfo"/>
    <property name="java.runtime.version" value="1.8.0_131-b11"/>
    <property name="java.awt.graphicsenv" value="sun.awt.Win32GraphicsEnvironment"/>
    <property name="java.endorsed.dirs" value="C:\Program Files\Java\jdk1.8.0_131\jre\lib\endorsed"/>
    <property name="os.arch" value="amd64"/>
    <property name="java.io.tmpdir" value="C:\Users\mingle\AppData\Local\Temp\"/>
    <property name="line.separator" value="&#10;"/>
    <property name="java.vm.specification.vendor" value="Oracle Corporation"/>
    <property name="user.variant" value=""/>
    <property name="os.name" value="Windows 10"/>
    <property name="classworlds.conf" value="C:\Users\mingle\eclipse-workspace\.metadata\.plugins\org.eclipse.m2e.launching\launches\m2conf1946831521881453456.tmp"/>
    <property name="sun.jnu.encoding" value="Cp1252"/>
    <property name="java.library.path" value="C:\Program Files\Java\jdk1.8.0_131\bin;C:\WINDOWS\Sun\Java\bin;C:\WINDOWS\system32;C:\WINDOWS;C:/Program Files/Java/jre1.8.0_211/bin/server;C:/Program Files/Java/jre1.8.0_211/bin;C:/Program Files/Java/jre1.8.0_211/lib/amd64;C:\Program Files (x86)\Common Files\Oracle\Java\javapath;C:\ProgramData\Oracle\Java\javapath;C:\WINDOWS\system32;C:\WINDOWS;C:\WINDOWS\System32\Wbem;C:\WINDOWS\System32\WindowsPowerShell\v1.0\;C:\Program Files\TortoiseSVN\bin;C:\WINDOWS\System32\OpenSSH\;C:\Program Files\TortoiseGit\bin;C:\Program Files\Git\cmd;C:\Program Files\nodejs\;C:\Program Files\apache-maven-3.6.1\bin;C:\Program Files\Java\jdk1.8.0_131\bin;C:\Users\mingle\AppData\Local\Microsoft\WindowsApps;C:\Users\mingle\AppData\Roaming\npm;C:\WINDOWS\system32;;."/>
    <property name="java.specification.name" value="Java Platform API Specification"/>
    <property name="java.class.version" value="52.0"/>
    <property name="sun.management.compiler" value="HotSpot 64-Bit Tiered Compilers"/>
    <property name="os.version" value="10.0"/>
    <property name="user.home" value="C:\Users\mingle"/>
    <property name="user.timezone" value="Asia/Calcutta"/>
    <property name="java.awt.printerjob" value="sun.awt.windows.WPrinterJob"/>
    <property name="java.specification.version" value="1.8"/>
    <property name="file.encoding" value="Cp1252"/>
    <property name="user.name" value="mingle"/>
    <property name="java.class.path" value="C:\Users\mingle\.p2\pool\plugins\org.eclipse.m2e.maven.runtime_1.12.0.20190529-1915\jars\plexus-classworlds-2.6.0.jar"/>
    <property name="java.vm.specification.version" value="1.8"/>
    <property name="sun.arch.data.model" value="64"/>
    <property name="java.home" value="C:\Program Files\Java\jdk1.8.0_131\jre"/>
    <property name="sun.java.command" value="org.codehaus.plexus.classworlds.launcher.Launcher -B test"/>
    <property name="java.specification.vendor" value="Oracle Corporation"/>
    <property name="user.language" value="en"/>
    <property name="awt.toolkit" value="sun.awt.windows.WToolkit"/>
    <property name="java.vm.info" value="mixed mode"/>
    <property name="java.version" value="1.8.0_131"/>
    <property name="java.ext.dirs" value="C:\Program Files\Java\jdk1.8.0_131\jre\lib\ext;C:\WINDOWS\Sun\Java\lib\ext"/>
    <property name="sun.boot.class.path" value="C:\Program Files\Java\jdk1.8.0_131\jre\lib\resources.jar;C:\Program Files\Java\jdk1.8.0_131\jre\lib\rt.jar;C:\Program Files\Java\jdk1.8.0_131\jre\lib\sunrsasign.jar;C:\Program Files\Java\jdk1.8.0_131\jre\lib\jsse.jar;C:\Program Files\Java\jdk1.8.0_131\jre\lib\jce.jar;C:\Program Files\Java\jdk1.8.0_131\jre\lib\charsets.jar;C:\Program Files\Java\jdk1.8.0_131\jre\lib\jfr.jar;C:\Program Files\Java\jdk1.8.0_131\jre\classes"/>
    <property name="java.vendor" value="Oracle Corporation"/>
    <property name="maven.home" value="C:\Users\mingle\eclipse-workspace\GlobalInfo\EMBEDDED"/>
    <property name="file.separator" value="\"/>
    <property name="java.vendor.url.bug" value="http://bugreport.sun.com/bugreport/"/>
    <property name="sun.cpu.endian" value="little"/>
    <property name="sun.io.unicode.encoding" value="UnicodeLittle"/>
    <property name="sun.desktop" value="windows"/>
    <property name="sun.cpu.isalist" value="amd64"/>
  </properties>
  <testcase name="test1" classname="com.global.test.GlobTest" time="0.014">
    <failure message="expected [true] but found [false]" type="java.lang.AssertionError">java.lang.AssertionError: expected [true] but found [false]
	at com.global.test.GlobTest.test1(GlobTest.java:23)
</failure>
  </testcase>
  <testcase name="test10" classname="com.global.test.GlobTest" time="0">
    <skipped message="skipped"/>
  </testcase>
  <testcase name="test2" classname="com.global.test.GlobTest" time="0">
    <skipped message="skipped"/>
  </testcase>
  <testcase name="test3" classname="com.global.test.GlobTest" time="0">
    <skipped message="skipped"/>
  </testcase>
  <testcase name="test4" classname="com.global.test.GlobTest" time="0">
    <failure message="expected [10] but found [20]" type="java.lang.AssertionError">java.lang.AssertionError: expected [10] but found [20]
	at com.global.test.GlobTest.test4(GlobTest.java:44)
</failure>
  </testcase>
  <testcase name="test5" classname="com.global.test.GlobTest" time="0">
    <failure message="expected [https://www.amazon.com/] but found [Amazon]" type="java.lang.AssertionError">java.lang.AssertionError: expected [https://www.amazon.com/] but found [Amazon]
	at com.global.test.GlobTest.test5(GlobTest.java:49)
</failure>
  </testcase>
  <testcase name="test6" classname="com.global.test.GlobTest" time="0">
    <failure message="expected [edgeop] but found [edgeops]" type="java.lang.AssertionError">java.lang.AssertionError: expected [edgeop] but found [edgeops]
	at com.global.test.GlobTest.test6(GlobTest.java:54)
</failure>
  </testcase>
  <testcase name="test7" classname="com.global.test.GlobTest" time="0"/>
  <testcase name="test8" classname="com.global.test.GlobTest" time="0"/>
  <testcase name="test9" classname="com.global.test.GlobTest" time="0">
    <skipped message="skipped"/>
  </testcase>
  <testcase name="test_Title" classname="com.global.test.GlobTest" time="0.001">
    <failure message="expected [ola] but found [uber]" type="java.lang.AssertionError">java.lang.AssertionError: expected [ola] but found [uber]
	at com.global.test.GlobTest.test_Title(GlobTest.java:18)
</failure>
  </testcase>
  <testcase name="test_Url" classname="com.global.test.GlobTest" time="0">
    <failure message="expected [https://www.olx.com/] but found [olx]" type="java.lang.AssertionError">java.lang.AssertionError: expected [https://www.olx.com/] but found [olx]
	at com.global.test.GlobTest.test_Url(GlobTest.java:11)
</failure>
  </testcase>
  <testcase name="test_serachText" classname="com.global.test.GlobTest" time="0"/>
</testsuite>